<?xml version="1.0" encoding="UTF-8" ?>
<testsuite tests="7" failures="0" name="SuiteTest" time="0.04" errors="7" skipped="0">
  <properties>
[...]
</properties>
  <testcase classname="ClienteTest" name="testActualizarCliente" time="0.029">
    <error message="Lookup failed for &apos;java:global/classes/ClienteEJB&apos; in SerialContext[myEnv={java.naming.factory.initial=com.sun.enterprise.naming.impl.SerialInitContextFactory, java.naming.factory.url.pkgs=com.sun.enterprise.naming, java.naming.factory.state=com.sun.corba.ee.impl.presentation.rmi.JNDIStateFactoryImpl}" type="javax.naming.NamingException">javax.naming.NamingException: Lookup failed for &apos;java:global/classes/ClienteEJB&apos; in SerialContext[myEnv={java.naming.factory.initial=com.sun.enterprise.naming.impl.SerialInitContextFactory, java.naming.factory.url.pkgs=com.sun.enterprise.naming, java.naming.factory.state=com.sun.corba.ee.impl.presentation.rmi.JNDIStateFactoryImpl} [Root exception is javax.naming.NameNotFoundException: classes]
	at com.sun.enterprise.naming.impl.SerialContext.lookup(SerialContext.java:467)
	at com.sun.enterprise.naming.impl.SerialContext.lookup(SerialContext.java:414)
	at java.naming/javax.naming.InitialContext.lookup(InitialContext.java:409)
	at java.naming/javax.naming.InitialContext.lookup(InitialContext.java:409)
	at ClienteTest.setup(ClienteTest.java:34)
	at java.base/jdk.internal.reflect.NativeMethodAccessorImpl.invoke0(Native Method)
	at java.base/jdk.internal.reflect.NativeMethodAccessorImpl.invoke(NativeMethodAccessorImpl.java:62)
	at java.base/jdk.internal.reflect.DelegatingMethodAccessorImpl.invoke(DelegatingMethodAccessorImpl.java:43)
	at java.base/java.lang.reflect.Method.invoke(Method.java:566)
	at org.junit.runners.model.FrameworkMethod$1.runReflectiveCall(FrameworkMethod.java:59)
	at org.junit.internal.runners.model.ReflectiveCallable.run(ReflectiveCallable.java:12)
	at org.junit.runners.model.FrameworkMethod.invokeExplosively(FrameworkMethod.java:56)
	at org.junit.internal.runners.statements.RunBefores.invokeMethod(RunBefores.java:33)
	at org.junit.internal.runners.statements.RunBefores.evaluate(RunBefores.java:24)
	at org.junit.runners.ParentRunner$3.evaluate(ParentRunner.java:306)
	at org.junit.runners.BlockJUnit4ClassRunner$1.evaluate(BlockJUnit4ClassRunner.java:100)
	at org.junit.runners.ParentRunner.runLeaf(ParentRunner.java:366)
	at org.junit.runners.BlockJUnit4ClassRunner.runChild(BlockJUnit4ClassRunner.java:103)
	at org.junit.runners.BlockJUnit4ClassRunner.runChild(BlockJUnit4ClassRunner.java:63)
	at org.junit.runners.ParentRunner$4.run(ParentRunner.java:331)
	at org.junit.runners.ParentRunner$1.schedule(ParentRunner.java:79)
	at org.junit.runners.ParentRunner.runChildren(ParentRunner.java:329)
	at org.junit.runners.ParentRunner.access$100(ParentRunner.java:66)
	at org.junit.runners.ParentRunner$2.evaluate(ParentRunner.java:293)
	at org.junit.runners.ParentRunner$3.evaluate(ParentRunner.java:306)
	at org.junit.runners.ParentRunner.run(ParentRunner.java:413)
	at org.junit.runners.Suite.runChild(Suite.java:128)
	at org.junit.runners.Suite.runChild(Suite.java:27)
	at org.junit.runners.ParentRunner$4.run(ParentRunner.java:331)
	at org.junit.runners.ParentRunner$1.schedule(ParentRunner.java:79)
	at org.junit.runners.ParentRunner.runChildren(ParentRunner.java:329)
	at org.junit.runners.ParentRunner.access$100(ParentRunner.java:66)
	at org.junit.runners.ParentRunner$2.evaluate(ParentRunner.java:293)
	at org.junit.internal.runners.statements.RunBefores.evaluate(RunBefores.java:26)
	at org.junit.internal.runners.statements.RunAfters.evaluate(RunAfters.java:27)
	at org.junit.runners.ParentRunner$3.evaluate(ParentRunner.java:306)
	at org.junit.runners.ParentRunner.run(ParentRunner.java:413)
	at org.apache.maven.surefire.junit4.JUnit4Provider.execute(JUnit4Provider.java:252)
	at org.apache.maven.surefire.junit4.JUnit4Provider.executeTestSet(JUnit4Provider.java:141)
	at org.apache.maven.surefire.junit4.JUnit4Provider.invoke(JUnit4Provider.java:112)
	at java.base/jdk.internal.reflect.NativeMethodAccessorImpl.invoke0(Native Method)
	at java.base/jdk.internal.reflect.NativeMethodAccessorImpl.invoke(NativeMethodAccessorImpl.java:62)
	at java.base/jdk.internal.reflect.DelegatingMethodAccessorImpl.invoke(DelegatingMethodAccessorImpl.java:43)
	at java.base/java.lang.reflect.Method.invoke(Method.java:566)
	at org.apache.maven.surefire.util.ReflectionUtils.invokeMethodWithArray(ReflectionUtils.java:189)
	at org.apache.maven.surefire.booter.ProviderFactory$ProviderProxy.invoke(ProviderFactory.java:165)
	at org.apache.maven.surefire.booter.ProviderFactory.invokeProvider(ProviderFactory.java:85)
	at org.apache.maven.surefire.booter.ForkedBooter.runSuitesInProcess(ForkedBooter.java:115)
	at org.apache.maven.surefire.booter.ForkedBooter.main(ForkedBooter.java:75)
Caused by: javax.naming.NameNotFoundException: classes
	at com.sun.enterprise.naming.impl.TransientContext.resolveContext(TransientContext.java:275)
	at com.sun.enterprise.naming.impl.TransientContext.lookup(TransientContext.java:183)
	at com.sun.enterprise.naming.impl.TransientContext.lookup(TransientContext.java:184)
	at com.sun.enterprise.naming.impl.SerialContextProviderImpl.lookup(SerialContextProviderImpl.java:42)
	at com.sun.enterprise.naming.impl.LocalSerialContextProviderImpl.lookup(LocalSerialContextProviderImpl.java:90)
	at com.sun.enterprise.naming.impl.SerialContext.lookup(SerialContext.java:454)
	... 48 more
</error>
    <system-err>Apr 26, 2022 5:36:26 PM org.glassfish.ejb.embedded.EJBContainerProviderImpl getValidFile
WARNING: EJB6008:Specified or calculated application server instance [/home/edu/.m2/repository/org/glassfish/main/extras/glassfish-embedded-all/domains/domain1] does not exist.
Apr 26, 2022 5:36:26 PM org.glassfish.ejb.embedded.EJBContainerProviderImpl getValidFile
WARNING: EJB6009:Specified or calculated application server configuration file [target/test-classes/META-INF/domain.xml] does not exist.
Apr 26, 2022 5:36:26 PM org.glassfish.ejb.embedded.EJBContainerProviderImpl createContainer
INFO: [EJBContainerProviderImpl] Using runtime class: class com.sun.enterprise.glassfish.bootstrap.StaticGlassFishRuntime
Apr 26, 2022 5:36:30 PM com.sun.enterprise.v3.server.CommonClassLoaderServiceImpl findDerbyClient
INFO: Cannot find javadb client jar file, derby jdbc driver will not be available by default.
Apr 26, 2022 5:36:31 PM com.sun.enterprise.v3.services.impl.GrizzlyService createNetworkProxy
INFO: Network listener http-listener on port 0 disabled per domain.xml
Apr 26, 2022 5:36:31 PM com.sun.enterprise.v3.services.impl.GrizzlyService createNetworkProxy
INFO: Network listener https-listener on port 0 disabled per domain.xml
Apr 26, 2022 5:36:31 PM org.hibernate.validator.internal.util.Version &lt;clinit&gt;
INFO: HV000001: Hibernate Validator null
Apr 26, 2022 5:36:33 PM org.glassfish.security.services.impl.authorization.AuthorizationServiceImpl initialize
INFO: Authorization Service has successfully initialized.
Apr 26, 2022 5:36:33 PM com.sun.enterprise.security.ssl.impl.SecuritySupportImpl checkCertificateDates
SEVERE: The SSL certificate has expired: [
[
  Version: V3
  Subject: CN=localhost, OU=GlassFish, O=Sun Microsystems, L=Santa Clara, ST=California, C=US
  Signature Algorithm: SHA1withRSA, OID = 1.2.840.113549.1.1.5

  Key:  Sun RSA public key, 1024 bits
  params: null
  modulus: 145607243452859689580129548866124791697266876389020072346169573106005067922351621693980274409566977123703120560397141987498630922827852965950283535196583826176478163336993643826795231487853960699742178569310586812871660687609669142799497192378661602695305819033929044820179434366507221428988785371476479913059
  public exponent: 65537
  Validity: [From: Tue Jul 07 10:27:35 CEST 2009,
               To: Fri Jul 05 10:27:35 CEST 2019]
  Issuer: CN=localhost, OU=GlassFish, O=Sun Microsystems, L=Santa Clara, ST=California, C=US
  SerialNumber: [    4a5306f7]

Certificate Extensions: 1
[1]: ObjectId: 2.5.29.14 Criticality=false
SubjectKeyIdentifier [
KeyIdentifier [
0000: 8F FB 7A 0A BF 38 54 A6   0D 9D CC 28 F8 7A B2 25  ..z..8T....(.z.%
0010: F2 F8 A1 99                                        ....
]
]

]
  Algorithm: [SHA1withRSA]
  Signature:
0000: 7A 53 96 EE 26 C0 6C 06   A5 68 45 43 49 A8 21 B7  zS..&amp;.l..hECI.!.
0010: 03 E3 3C 22 97 76 B0 EC   0C F1 11 C9 D7 67 20 CA  ..&lt;&quot;.v.......g .
0020: E5 0E 29 F8 64 FA C5 5A   FA D9 34 76 39 61 C4 21  ..).d..Z..4v9a.!
0030: 82 A1 C5 27 D8 B7 B3 1B   6C 95 3B 01 6C C3 15 0F  ...&apos;....l.;.l...
0040: B4 4D 50 E3 8F E9 CC 96   CC FF 95 2B 61 7C 30 D4  .MP........+a.0.
0050: B1 00 0F 9E 4C 1B F8 08   DC 4C 30 CC 0E CB FC 92  ....L....L0.....
0060: B3 C5 D5 F5 01 84 33 40   CA 42 B1 A3 2C 88 89 B9  ......3@.B..,...
0070: 04 90 F3 2C C5 FA E4 A2   DC 16 17 4A 02 A7 ED 94  ...,.......J....

]
Apr 26, 2022 5:36:34 PM com.sun.enterprise.security.ssl.impl.SecuritySupportImpl checkCertificateDates
SEVERE: The SSL certificate has expired: [
[
  Version: V3
  Subject: CN=localhost, OU=GlassFish, O=Sun Microsystems, L=Santa Clara, ST=California, C=US
  Signature Algorithm: SHA1withRSA, OID = 1.2.840.113549.1.1.5

  Key:  Sun RSA public key, 1024 bits
  params: null
  modulus: 145607243452859689580129548866124791697266876389020072346169573106005067922351621693980274409566977123703120560397141987498630922827852965950283535196583826176478163336993643826795231487853960699742178569310586812871660687609669142799497192378661602695305819033929044820179434366507221428988785371476479913059
  public exponent: 65537
  Validity: [From: Tue Jul 07 10:27:35 CEST 2009,
               To: Fri Jul 05 10:27:35 CEST 2019]
  Issuer: CN=localhost, OU=GlassFish, O=Sun Microsystems, L=Santa Clara, ST=California, C=US
  SerialNumber: [    4a5306f7]

Certificate Extensions: 1
[1]: ObjectId: 2.5.29.14 Criticality=false
SubjectKeyIdentifier [
KeyIdentifier [
0000: 8F FB 7A 0A BF 38 54 A6   0D 9D CC 28 F8 7A B2 25  ..z..8T....(.z.%
0010: F2 F8 A1 99                                        ....
]
]

]
  Algorithm: [SHA1withRSA]
  Signature:
0000: 7A 53 96 EE 26 C0 6C 06   A5 68 45 43 49 A8 21 B7  zS..&amp;.l..hECI.!.
0010: 03 E3 3C 22 97 76 B0 EC   0C F1 11 C9 D7 67 20 CA  ..&lt;&quot;.v.......g .
0020: E5 0E 29 F8 64 FA C5 5A   FA D9 34 76 39 61 C4 21  ..).d..Z..4v9a.!
0030: 82 A1 C5 27 D8 B7 B3 1B   6C 95 3B 01 6C C3 15 0F  ...&apos;....l.;.l...
0040: B4 4D 50 E3 8F E9 CC 96   CC FF 95 2B 61 7C 30 D4  .MP........+a.0.
0050: B1 00 0F 9E 4C 1B F8 08   DC 4C 30 CC 0E CB FC 92  ....L....L0.....
0060: B3 C5 D5 F5 01 84 33 40   CA 42 B1 A3 2C 88 89 B9  ......3@.B..,...
0070: 04 90 F3 2C C5 FA E4 A2   DC 16 17 4A 02 A7 ED 94  ...,.......J....

]
Apr 26, 2022 5:36:34 PM com.sun.enterprise.v3.server.AppServerStartup postStartupJob
INFO: Undefined Product Name - define product and version info in config/branding  0.0.0  (0) startup time : Embedded (2,951ms), startup services(3,650ms), total(6,601ms)
Apr 26, 2022 5:36:34 PM com.sun.jts.CosTransactions.DefaultTransactionService setServerName
INFO: JTS5014: Recoverable JTS instance, serverId = [100]
Apr 26, 2022 5:36:34 PM org.glassfish.admin.mbeanserver.JMXStartupService$JMXConnectorsStarterThread run
INFO: JMXStartupService has disabled JMXConnector system
Apr 26, 2022 5:36:34 PM com.sun.enterprise.connectors.jms.util.JmsRaUtil getInstalledMqVersion
WARNING: Check for a new version of MQ installation failed : /tmp/gfembed1090382080207723966tmp/lib/install/applications/jmsra/../imqjmsra.rar:/tmp/gfembed1090382080207723966tmp/lib/install/applications/jmsra/imqjmsra.rar
Apr 26, 2022 5:36:36 PM org.glassfish.ejb.embedded.EJBContainerProviderImpl skipJar
INFO: ... skipping entry with a Manifest file with a special attribute: glassfish-embedded-all-5.1.0.jar
Apr 26, 2022 5:36:36 PM org.glassfish.deployment.common.GenericAnnotationDetector scanArchive
WARNING: NCLS-DEPLOYMENT-00009
Apr 26, 2022 5:36:36 PM org.glassfish.ejb.embedded.EJBContainerProviderImpl createEJBContainer
SEVERE: EJB6005:No EJB modules found
</system-err>
  </testcase>
  <testcase classname="ClienteTest" name="testMarcarCuenta" time="0.003">
    <error message="Lookup failed for &apos;java:global/classes/ClienteEJB&apos; in SerialContext[myEnv={java.naming.factory.initial=com.sun.enterprise.naming.impl.SerialInitContextFactory, java.naming.factory.url.pkgs=com.sun.enterprise.naming, java.naming.factory.state=com.sun.corba.ee.impl.presentation.rmi.JNDIStateFactoryImpl}" type="javax.naming.NamingException">javax.naming.NamingException: Lookup failed for &apos;java:global/classes/ClienteEJB&apos; in SerialContext[myEnv={java.naming.factory.initial=com.sun.enterprise.naming.impl.SerialInitContextFactory, java.naming.factory.url.pkgs=com.sun.enterprise.naming, java.naming.factory.state=com.sun.corba.ee.impl.presentation.rmi.JNDIStateFactoryImpl} [Root exception is javax.naming.NameNotFoundException: classes]
	at com.sun.enterprise.naming.impl.SerialContext.lookup(SerialContext.java:467)
	at com.sun.enterprise.naming.impl.SerialContext.lookup(SerialContext.java:414)
	at java.naming/javax.naming.InitialContext.lookup(InitialContext.java:409)
	at java.naming/javax.naming.InitialContext.lookup(InitialContext.java:409)
	at ClienteTest.setup(ClienteTest.java:34)
	at java.base/jdk.internal.reflect.NativeMethodAccessorImpl.invoke0(Native Method)
	at java.base/jdk.internal.reflect.NativeMethodAccessorImpl.invoke(NativeMethodAccessorImpl.java:62)
	at java.base/jdk.internal.reflect.DelegatingMethodAccessorImpl.invoke(DelegatingMethodAccessorImpl.java:43)
	at java.base/java.lang.reflect.Method.invoke(Method.java:566)
	at org.junit.runners.model.FrameworkMethod$1.runReflectiveCall(FrameworkMethod.java:59)
	at org.junit.internal.runners.model.ReflectiveCallable.run(ReflectiveCallable.java:12)
	at org.junit.runners.model.FrameworkMethod.invokeExplosively(FrameworkMethod.java:56)
	at org.junit.internal.runners.statements.RunBefores.invokeMethod(RunBefores.java:33)
	at org.junit.internal.runners.statements.RunBefores.evaluate(RunBefores.java:24)
	at org.junit.runners.ParentRunner$3.evaluate(ParentRunner.java:306)
	at org.junit.runners.BlockJUnit4ClassRunner$1.evaluate(BlockJUnit4ClassRunner.java:100)
	at org.junit.runners.ParentRunner.runLeaf(ParentRunner.java:366)
	at org.junit.runners.BlockJUnit4ClassRunner.runChild(BlockJUnit4ClassRunner.java:103)
	at org.junit.runners.BlockJUnit4ClassRunner.runChild(BlockJUnit4ClassRunner.java:63)
	at org.junit.runners.ParentRunner$4.run(ParentRunner.java:331)
	at org.junit.runners.ParentRunner$1.schedule(ParentRunner.java:79)
	at org.junit.runners.ParentRunner.runChildren(ParentRunner.java:329)
	at org.junit.runners.ParentRunner.access$100(ParentRunner.java:66)
	at org.junit.runners.ParentRunner$2.evaluate(ParentRunner.java:293)
	at org.junit.runners.ParentRunner$3.evaluate(ParentRunner.java:306)
	at org.junit.runners.ParentRunner.run(ParentRunner.java:413)
	at org.junit.runners.Suite.runChild(Suite.java:128)
	at org.junit.runners.Suite.runChild(Suite.java:27)
	at org.junit.runners.ParentRunner$4.run(ParentRunner.java:331)
	at org.junit.runners.ParentRunner$1.schedule(ParentRunner.java:79)
	at org.junit.runners.ParentRunner.runChildren(ParentRunner.java:329)
	at org.junit.runners.ParentRunner.access$100(ParentRunner.java:66)
	at org.junit.runners.ParentRunner$2.evaluate(ParentRunner.java:293)
	at org.junit.internal.runners.statements.RunBefores.evaluate(RunBefores.java:26)
	at org.junit.internal.runners.statements.RunAfters.evaluate(RunAfters.java:27)
	at org.junit.runners.ParentRunner$3.evaluate(ParentRunner.java:306)
	at org.junit.runners.ParentRunner.run(ParentRunner.java:413)
	at org.apache.maven.surefire.junit4.JUnit4Provider.execute(JUnit4Provider.java:252)
	at org.apache.maven.surefire.junit4.JUnit4Provider.executeTestSet(JUnit4Provider.java:141)
	at org.apache.maven.surefire.junit4.JUnit4Provider.invoke(JUnit4Provider.java:112)
	at java.base/jdk.internal.reflect.NativeMethodAccessorImpl.invoke0(Native Method)
	at java.base/jdk.internal.reflect.NativeMethodAccessorImpl.invoke(NativeMethodAccessorImpl.java:62)
	at java.base/jdk.internal.reflect.DelegatingMethodAccessorImpl.invoke(DelegatingMethodAccessorImpl.java:43)
	at java.base/java.lang.reflect.Method.invoke(Method.java:566)
	at org.apache.maven.surefire.util.ReflectionUtils.invokeMethodWithArray(ReflectionUtils.java:189)
	at org.apache.maven.surefire.booter.ProviderFactory$ProviderProxy.invoke(ProviderFactory.java:165)
	at org.apache.maven.surefire.booter.ProviderFactory.invokeProvider(ProviderFactory.java:85)
	at org.apache.maven.surefire.booter.ForkedBooter.runSuitesInProcess(ForkedBooter.java:115)
	at org.apache.maven.surefire.booter.ForkedBooter.main(ForkedBooter.java:75)
Caused by: javax.naming.NameNotFoundException: classes
	at com.sun.enterprise.naming.impl.TransientContext.resolveContext(TransientContext.java:275)
	at com.sun.enterprise.naming.impl.TransientContext.lookup(TransientContext.java:183)
	at com.sun.enterprise.naming.impl.TransientContext.lookup(TransientContext.java:184)
	at com.sun.enterprise.naming.impl.SerialContextProviderImpl.lookup(SerialContextProviderImpl.java:42)
	at com.sun.enterprise.naming.impl.LocalSerialContextProviderImpl.lookup(LocalSerialContextProviderImpl.java:90)
	at com.sun.enterprise.naming.impl.SerialContext.lookup(SerialContext.java:454)
	... 48 more
</error>
  </testcase>
  <testcase classname="ClienteTest" name="testAltaCliente" time="0.001">
    <error message="Lookup failed for &apos;java:global/classes/ClienteEJB&apos; in SerialContext[myEnv={java.naming.factory.initial=com.sun.enterprise.naming.impl.SerialInitContextFactory, java.naming.factory.url.pkgs=com.sun.enterprise.naming, java.naming.factory.state=com.sun.corba.ee.impl.presentation.rmi.JNDIStateFactoryImpl}" type="javax.naming.NamingException">javax.naming.NamingException: Lookup failed for &apos;java:global/classes/ClienteEJB&apos; in SerialContext[myEnv={java.naming.factory.initial=com.sun.enterprise.naming.impl.SerialInitContextFactory, java.naming.factory.url.pkgs=com.sun.enterprise.naming, java.naming.factory.state=com.sun.corba.ee.impl.presentation.rmi.JNDIStateFactoryImpl} [Root exception is javax.naming.NameNotFoundException: classes]
	at com.sun.enterprise.naming.impl.SerialContext.lookup(SerialContext.java:467)
	at com.sun.enterprise.naming.impl.SerialContext.lookup(SerialContext.java:414)
	at java.naming/javax.naming.InitialContext.lookup(InitialContext.java:409)
	at java.naming/javax.naming.InitialContext.lookup(InitialContext.java:409)
	at ClienteTest.setup(ClienteTest.java:34)
	at java.base/jdk.internal.reflect.NativeMethodAccessorImpl.invoke0(Native Method)
	at java.base/jdk.internal.reflect.NativeMethodAccessorImpl.invoke(NativeMethodAccessorImpl.java:62)
	at java.base/jdk.internal.reflect.DelegatingMethodAccessorImpl.invoke(DelegatingMethodAccessorImpl.java:43)
	at java.base/java.lang.reflect.Method.invoke(Method.java:566)
	at org.junit.runners.model.FrameworkMethod$1.runReflectiveCall(FrameworkMethod.java:59)
	at org.junit.internal.runners.model.ReflectiveCallable.run(ReflectiveCallable.java:12)
	at org.junit.runners.model.FrameworkMethod.invokeExplosively(FrameworkMethod.java:56)
	at org.junit.internal.runners.statements.RunBefores.invokeMethod(RunBefores.java:33)
	at org.junit.internal.runners.statements.RunBefores.evaluate(RunBefores.java:24)
	at org.junit.runners.ParentRunner$3.evaluate(ParentRunner.java:306)
	at org.junit.runners.BlockJUnit4ClassRunner$1.evaluate(BlockJUnit4ClassRunner.java:100)
	at org.junit.runners.ParentRunner.runLeaf(ParentRunner.java:366)
	at org.junit.runners.BlockJUnit4ClassRunner.runChild(BlockJUnit4ClassRunner.java:103)
	at org.junit.runners.BlockJUnit4ClassRunner.runChild(BlockJUnit4ClassRunner.java:63)
	at org.junit.runners.ParentRunner$4.run(ParentRunner.java:331)
	at org.junit.runners.ParentRunner$1.schedule(ParentRunner.java:79)
	at org.junit.runners.ParentRunner.runChildren(ParentRunner.java:329)
	at org.junit.runners.ParentRunner.access$100(ParentRunner.java:66)
	at org.junit.runners.ParentRunner$2.evaluate(ParentRunner.java:293)
	at org.junit.runners.ParentRunner$3.evaluate(ParentRunner.java:306)
	at org.junit.runners.ParentRunner.run(ParentRunner.java:413)
	at org.junit.runners.Suite.runChild(Suite.java:128)
	at org.junit.runners.Suite.runChild(Suite.java:27)
	at org.junit.runners.ParentRunner$4.run(ParentRunner.java:331)
	at org.junit.runners.ParentRunner$1.schedule(ParentRunner.java:79)
	at org.junit.runners.ParentRunner.runChildren(ParentRunner.java:329)
	at org.junit.runners.ParentRunner.access$100(ParentRunner.java:66)
	at org.junit.runners.ParentRunner$2.evaluate(ParentRunner.java:293)
	at org.junit.internal.runners.statements.RunBefores.evaluate(RunBefores.java:26)
	at org.junit.internal.runners.statements.RunAfters.evaluate(RunAfters.java:27)
	at org.junit.runners.ParentRunner$3.evaluate(ParentRunner.java:306)
	at org.junit.runners.ParentRunner.run(ParentRunner.java:413)
	at org.apache.maven.surefire.junit4.JUnit4Provider.execute(JUnit4Provider.java:252)
	at org.apache.maven.surefire.junit4.JUnit4Provider.executeTestSet(JUnit4Provider.java:141)
	at org.apache.maven.surefire.junit4.JUnit4Provider.invoke(JUnit4Provider.java:112)
	at java.base/jdk.internal.reflect.NativeMethodAccessorImpl.invoke0(Native Method)
	at java.base/jdk.internal.reflect.NativeMethodAccessorImpl.invoke(NativeMethodAccessorImpl.java:62)
	at java.base/jdk.internal.reflect.DelegatingMethodAccessorImpl.invoke(DelegatingMethodAccessorImpl.java:43)
	at java.base/java.lang.reflect.Method.invoke(Method.java:566)
	at org.apache.maven.surefire.util.ReflectionUtils.invokeMethodWithArray(ReflectionUtils.java:189)
	at org.apache.maven.surefire.booter.ProviderFactory$ProviderProxy.invoke(ProviderFactory.java:165)
	at org.apache.maven.surefire.booter.ProviderFactory.invokeProvider(ProviderFactory.java:85)
	at org.apache.maven.surefire.booter.ForkedBooter.runSuitesInProcess(ForkedBooter.java:115)
	at org.apache.maven.surefire.booter.ForkedBooter.main(ForkedBooter.java:75)
Caused by: javax.naming.NameNotFoundException: classes
	at com.sun.enterprise.naming.impl.TransientContext.resolveContext(TransientContext.java:275)
	at com.sun.enterprise.naming.impl.TransientContext.lookup(TransientContext.java:183)
	at com.sun.enterprise.naming.impl.TransientContext.lookup(TransientContext.java:184)
	at com.sun.enterprise.naming.impl.SerialContextProviderImpl.lookup(SerialContextProviderImpl.java:42)
	at com.sun.enterprise.naming.impl.LocalSerialContextProviderImpl.lookup(LocalSerialContextProviderImpl.java:90)
	at com.sun.enterprise.naming.impl.SerialContext.lookup(SerialContext.java:454)
	... 48 more
</error>
  </testcase>
  <testcase classname="CuentaTest" name="testBuscarCuenta" time="0.001">
    <error message="Lookup failed for &apos;java:global/classes/CuentaEJB&apos; in SerialContext[myEnv={java.naming.factory.initial=com.sun.enterprise.naming.impl.SerialInitContextFactory, java.naming.factory.url.pkgs=com.sun.enterprise.naming, java.naming.factory.state=com.sun.corba.ee.impl.presentation.rmi.JNDIStateFactoryImpl}" type="javax.naming.NamingException">javax.naming.NamingException: Lookup failed for &apos;java:global/classes/CuentaEJB&apos; in SerialContext[myEnv={java.naming.factory.initial=com.sun.enterprise.naming.impl.SerialInitContextFactory, java.naming.factory.url.pkgs=com.sun.enterprise.naming, java.naming.factory.state=com.sun.corba.ee.impl.presentation.rmi.JNDIStateFactoryImpl} [Root exception is javax.naming.NameNotFoundException: classes]
	at com.sun.enterprise.naming.impl.SerialContext.lookup(SerialContext.java:467)
	at com.sun.enterprise.naming.impl.SerialContext.lookup(SerialContext.java:414)
	at java.naming/javax.naming.InitialContext.lookup(InitialContext.java:409)
	at java.naming/javax.naming.InitialContext.lookup(InitialContext.java:409)
	at CuentaTest.setup(CuentaTest.java:24)
	at java.base/jdk.internal.reflect.NativeMethodAccessorImpl.invoke0(Native Method)
	at java.base/jdk.internal.reflect.NativeMethodAccessorImpl.invoke(NativeMethodAccessorImpl.java:62)
	at java.base/jdk.internal.reflect.DelegatingMethodAccessorImpl.invoke(DelegatingMethodAccessorImpl.java:43)
	at java.base/java.lang.reflect.Method.invoke(Method.java:566)
	at org.junit.runners.model.FrameworkMethod$1.runReflectiveCall(FrameworkMethod.java:59)
	at org.junit.internal.runners.model.ReflectiveCallable.run(ReflectiveCallable.java:12)
	at org.junit.runners.model.FrameworkMethod.invokeExplosively(FrameworkMethod.java:56)
	at org.junit.internal.runners.statements.RunBefores.invokeMethod(RunBefores.java:33)
	at org.junit.internal.runners.statements.RunBefores.evaluate(RunBefores.java:24)
	at org.junit.runners.ParentRunner$3.evaluate(ParentRunner.java:306)
	at org.junit.runners.BlockJUnit4ClassRunner$1.evaluate(BlockJUnit4ClassRunner.java:100)
	at org.junit.runners.ParentRunner.runLeaf(ParentRunner.java:366)
	at org.junit.runners.BlockJUnit4ClassRunner.runChild(BlockJUnit4ClassRunner.java:103)
	at org.junit.runners.BlockJUnit4ClassRunner.runChild(BlockJUnit4ClassRunner.java:63)
	at org.junit.runners.ParentRunner$4.run(ParentRunner.java:331)
	at org.junit.runners.ParentRunner$1.schedule(ParentRunner.java:79)
	at org.junit.runners.ParentRunner.runChildren(ParentRunner.java:329)
	at org.junit.runners.ParentRunner.access$100(ParentRunner.java:66)
	at org.junit.runners.ParentRunner$2.evaluate(ParentRunner.java:293)
	at org.junit.runners.ParentRunner$3.evaluate(ParentRunner.java:306)
	at org.junit.runners.ParentRunner.run(ParentRunner.java:413)
	at org.junit.runners.Suite.runChild(Suite.java:128)
	at org.junit.runners.Suite.runChild(Suite.java:27)
	at org.junit.runners.ParentRunner$4.run(ParentRunner.java:331)
	at org.junit.runners.ParentRunner$1.schedule(ParentRunner.java:79)
	at org.junit.runners.ParentRunner.runChildren(ParentRunner.java:329)
	at org.junit.runners.ParentRunner.access$100(ParentRunner.java:66)
	at org.junit.runners.ParentRunner$2.evaluate(ParentRunner.java:293)
	at org.junit.internal.runners.statements.RunBefores.evaluate(RunBefores.java:26)
	at org.junit.internal.runners.statements.RunAfters.evaluate(RunAfters.java:27)
	at org.junit.runners.ParentRunner$3.evaluate(ParentRunner.java:306)
	at org.junit.runners.ParentRunner.run(ParentRunner.java:413)
	at org.apache.maven.surefire.junit4.JUnit4Provider.execute(JUnit4Provider.java:252)
	at org.apache.maven.surefire.junit4.JUnit4Provider.executeTestSet(JUnit4Provider.java:141)
	at org.apache.maven.surefire.junit4.JUnit4Provider.invoke(JUnit4Provider.java:112)
	at java.base/jdk.internal.reflect.NativeMethodAccessorImpl.invoke0(Native Method)
	at java.base/jdk.internal.reflect.NativeMethodAccessorImpl.invoke(NativeMethodAccessorImpl.java:62)
	at java.base/jdk.internal.reflect.DelegatingMethodAccessorImpl.invoke(DelegatingMethodAccessorImpl.java:43)
	at java.base/java.lang.reflect.Method.invoke(Method.java:566)
	at org.apache.maven.surefire.util.ReflectionUtils.invokeMethodWithArray(ReflectionUtils.java:189)
	at org.apache.maven.surefire.booter.ProviderFactory$ProviderProxy.invoke(ProviderFactory.java:165)
	at org.apache.maven.surefire.booter.ProviderFactory.invokeProvider(ProviderFactory.java:85)
	at org.apache.maven.surefire.booter.ForkedBooter.runSuitesInProcess(ForkedBooter.java:115)
	at org.apache.maven.surefire.booter.ForkedBooter.main(ForkedBooter.java:75)
Caused by: javax.naming.NameNotFoundException: classes
	at com.sun.enterprise.naming.impl.TransientContext.resolveContext(TransientContext.java:275)
	at com.sun.enterprise.naming.impl.TransientContext.lookup(TransientContext.java:183)
	at com.sun.enterprise.naming.impl.TransientContext.lookup(TransientContext.java:184)
	at com.sun.enterprise.naming.impl.SerialContextProviderImpl.lookup(SerialContextProviderImpl.java:42)
	at com.sun.enterprise.naming.impl.LocalSerialContextProviderImpl.lookup(LocalSerialContextProviderImpl.java:90)
	at com.sun.enterprise.naming.impl.SerialContext.lookup(SerialContext.java:454)
	... 48 more
</error>
  </testcase>
  <testcase classname="CuentaTest" name="testCrearCuenta" time="0.002">
    <error message="Lookup failed for &apos;java:global/classes/CuentaEJB&apos; in SerialContext[myEnv={java.naming.factory.initial=com.sun.enterprise.naming.impl.SerialInitContextFactory, java.naming.factory.url.pkgs=com.sun.enterprise.naming, java.naming.factory.state=com.sun.corba.ee.impl.presentation.rmi.JNDIStateFactoryImpl}" type="javax.naming.NamingException">javax.naming.NamingException: Lookup failed for &apos;java:global/classes/CuentaEJB&apos; in SerialContext[myEnv={java.naming.factory.initial=com.sun.enterprise.naming.impl.SerialInitContextFactory, java.naming.factory.url.pkgs=com.sun.enterprise.naming, java.naming.factory.state=com.sun.corba.ee.impl.presentation.rmi.JNDIStateFactoryImpl} [Root exception is javax.naming.NameNotFoundException: classes]
	at com.sun.enterprise.naming.impl.SerialContext.lookup(SerialContext.java:467)
	at com.sun.enterprise.naming.impl.SerialContext.lookup(SerialContext.java:414)
	at java.naming/javax.naming.InitialContext.lookup(InitialContext.java:409)
	at java.naming/javax.naming.InitialContext.lookup(InitialContext.java:409)
	at CuentaTest.setup(CuentaTest.java:24)
	at java.base/jdk.internal.reflect.NativeMethodAccessorImpl.invoke0(Native Method)
	at java.base/jdk.internal.reflect.NativeMethodAccessorImpl.invoke(NativeMethodAccessorImpl.java:62)
	at java.base/jdk.internal.reflect.DelegatingMethodAccessorImpl.invoke(DelegatingMethodAccessorImpl.java:43)
	at java.base/java.lang.reflect.Method.invoke(Method.java:566)
	at org.junit.runners.model.FrameworkMethod$1.runReflectiveCall(FrameworkMethod.java:59)
	at org.junit.internal.runners.model.ReflectiveCallable.run(ReflectiveCallable.java:12)
	at org.junit.runners.model.FrameworkMethod.invokeExplosively(FrameworkMethod.java:56)
	at org.junit.internal.runners.statements.RunBefores.invokeMethod(RunBefores.java:33)
	at org.junit.internal.runners.statements.RunBefores.evaluate(RunBefores.java:24)
	at org.junit.runners.ParentRunner$3.evaluate(ParentRunner.java:306)
	at org.junit.runners.BlockJUnit4ClassRunner$1.evaluate(BlockJUnit4ClassRunner.java:100)
	at org.junit.runners.ParentRunner.runLeaf(ParentRunner.java:366)
	at org.junit.runners.BlockJUnit4ClassRunner.runChild(BlockJUnit4ClassRunner.java:103)
	at org.junit.runners.BlockJUnit4ClassRunner.runChild(BlockJUnit4ClassRunner.java:63)
	at org.junit.runners.ParentRunner$4.run(ParentRunner.java:331)
	at org.junit.runners.ParentRunner$1.schedule(ParentRunner.java:79)
	at org.junit.runners.ParentRunner.runChildren(ParentRunner.java:329)
	at org.junit.runners.ParentRunner.access$100(ParentRunner.java:66)
	at org.junit.runners.ParentRunner$2.evaluate(ParentRunner.java:293)
	at org.junit.runners.ParentRunner$3.evaluate(ParentRunner.java:306)
	at org.junit.runners.ParentRunner.run(ParentRunner.java:413)
	at org.junit.runners.Suite.runChild(Suite.java:128)
	at org.junit.runners.Suite.runChild(Suite.java:27)
	at org.junit.runners.ParentRunner$4.run(ParentRunner.java:331)
	at org.junit.runners.ParentRunner$1.schedule(ParentRunner.java:79)
	at org.junit.runners.ParentRunner.runChildren(ParentRunner.java:329)
	at org.junit.runners.ParentRunner.access$100(ParentRunner.java:66)
	at org.junit.runners.ParentRunner$2.evaluate(ParentRunner.java:293)
	at org.junit.internal.runners.statements.RunBefores.evaluate(RunBefores.java:26)
	at org.junit.internal.runners.statements.RunAfters.evaluate(RunAfters.java:27)
	at org.junit.runners.ParentRunner$3.evaluate(ParentRunner.java:306)
	at org.junit.runners.ParentRunner.run(ParentRunner.java:413)
	at org.apache.maven.surefire.junit4.JUnit4Provider.execute(JUnit4Provider.java:252)
	at org.apache.maven.surefire.junit4.JUnit4Provider.executeTestSet(JUnit4Provider.java:141)
	at org.apache.maven.surefire.junit4.JUnit4Provider.invoke(JUnit4Provider.java:112)
	at java.base/jdk.internal.reflect.NativeMethodAccessorImpl.invoke0(Native Method)
	at java.base/jdk.internal.reflect.NativeMethodAccessorImpl.invoke(NativeMethodAccessorImpl.java:62)
	at java.base/jdk.internal.reflect.DelegatingMethodAccessorImpl.invoke(DelegatingMethodAccessorImpl.java:43)
	at java.base/java.lang.reflect.Method.invoke(Method.java:566)
	at org.apache.maven.surefire.util.ReflectionUtils.invokeMethodWithArray(ReflectionUtils.java:189)
	at org.apache.maven.surefire.booter.ProviderFactory$ProviderProxy.invoke(ProviderFactory.java:165)
	at org.apache.maven.surefire.booter.ProviderFactory.invokeProvider(ProviderFactory.java:85)
	at org.apache.maven.surefire.booter.ForkedBooter.runSuitesInProcess(ForkedBooter.java:115)
	at org.apache.maven.surefire.booter.ForkedBooter.main(ForkedBooter.java:75)
Caused by: javax.naming.NameNotFoundException: classes
	at com.sun.enterprise.naming.impl.TransientContext.resolveContext(TransientContext.java:275)
	at com.sun.enterprise.naming.impl.TransientContext.lookup(TransientContext.java:183)
	at com.sun.enterprise.naming.impl.TransientContext.lookup(TransientContext.java:184)
	at com.sun.enterprise.naming.impl.SerialContextProviderImpl.lookup(SerialContextProviderImpl.java:42)
	at com.sun.enterprise.naming.impl.LocalSerialContextProviderImpl.lookup(LocalSerialContextProviderImpl.java:90)
	at com.sun.enterprise.naming.impl.SerialContext.lookup(SerialContext.java:454)
	... 48 more
</error>
  </testcase>
  <testcase classname="CuentaTest" name="testMarcarCuenta" time="0.002">
    <error message="Lookup failed for &apos;java:global/classes/CuentaEJB&apos; in SerialContext[myEnv={java.naming.factory.initial=com.sun.enterprise.naming.impl.SerialInitContextFactory, java.naming.factory.url.pkgs=com.sun.enterprise.naming, java.naming.factory.state=com.sun.corba.ee.impl.presentation.rmi.JNDIStateFactoryImpl}" type="javax.naming.NamingException">javax.naming.NamingException: Lookup failed for &apos;java:global/classes/CuentaEJB&apos; in SerialContext[myEnv={java.naming.factory.initial=com.sun.enterprise.naming.impl.SerialInitContextFactory, java.naming.factory.url.pkgs=com.sun.enterprise.naming, java.naming.factory.state=com.sun.corba.ee.impl.presentation.rmi.JNDIStateFactoryImpl} [Root exception is javax.naming.NameNotFoundException: classes]
	at com.sun.enterprise.naming.impl.SerialContext.lookup(SerialContext.java:467)
	at com.sun.enterprise.naming.impl.SerialContext.lookup(SerialContext.java:414)
	at java.naming/javax.naming.InitialContext.lookup(InitialContext.java:409)
	at java.naming/javax.naming.InitialContext.lookup(InitialContext.java:409)
	at CuentaTest.setup(CuentaTest.java:24)
	at java.base/jdk.internal.reflect.NativeMethodAccessorImpl.invoke0(Native Method)
	at java.base/jdk.internal.reflect.NativeMethodAccessorImpl.invoke(NativeMethodAccessorImpl.java:62)
	at java.base/jdk.internal.reflect.DelegatingMethodAccessorImpl.invoke(DelegatingMethodAccessorImpl.java:43)
	at java.base/java.lang.reflect.Method.invoke(Method.java:566)
	at org.junit.runners.model.FrameworkMethod$1.runReflectiveCall(FrameworkMethod.java:59)
	at org.junit.internal.runners.model.ReflectiveCallable.run(ReflectiveCallable.java:12)
	at org.junit.runners.model.FrameworkMethod.invokeExplosively(FrameworkMethod.java:56)
	at org.junit.internal.runners.statements.RunBefores.invokeMethod(RunBefores.java:33)
	at org.junit.internal.runners.statements.RunBefores.evaluate(RunBefores.java:24)
	at org.junit.runners.ParentRunner$3.evaluate(ParentRunner.java:306)
	at org.junit.runners.BlockJUnit4ClassRunner$1.evaluate(BlockJUnit4ClassRunner.java:100)
	at org.junit.runners.ParentRunner.runLeaf(ParentRunner.java:366)
	at org.junit.runners.BlockJUnit4ClassRunner.runChild(BlockJUnit4ClassRunner.java:103)
	at org.junit.runners.BlockJUnit4ClassRunner.runChild(BlockJUnit4ClassRunner.java:63)
	at org.junit.runners.ParentRunner$4.run(ParentRunner.java:331)
	at org.junit.runners.ParentRunner$1.schedule(ParentRunner.java:79)
	at org.junit.runners.ParentRunner.runChildren(ParentRunner.java:329)
	at org.junit.runners.ParentRunner.access$100(ParentRunner.java:66)
	at org.junit.runners.ParentRunner$2.evaluate(ParentRunner.java:293)
	at org.junit.runners.ParentRunner$3.evaluate(ParentRunner.java:306)
	at org.junit.runners.ParentRunner.run(ParentRunner.java:413)
	at org.junit.runners.Suite.runChild(Suite.java:128)
	at org.junit.runners.Suite.runChild(Suite.java:27)
	at org.junit.runners.ParentRunner$4.run(ParentRunner.java:331)
	at org.junit.runners.ParentRunner$1.schedule(ParentRunner.java:79)
	at org.junit.runners.ParentRunner.runChildren(ParentRunner.java:329)
	at org.junit.runners.ParentRunner.access$100(ParentRunner.java:66)
	at org.junit.runners.ParentRunner$2.evaluate(ParentRunner.java:293)
	at org.junit.internal.runners.statements.RunBefores.evaluate(RunBefores.java:26)
	at org.junit.internal.runners.statements.RunAfters.evaluate(RunAfters.java:27)
	at org.junit.runners.ParentRunner$3.evaluate(ParentRunner.java:306)
	at org.junit.runners.ParentRunner.run(ParentRunner.java:413)
	at org.apache.maven.surefire.junit4.JUnit4Provider.execute(JUnit4Provider.java:252)
	at org.apache.maven.surefire.junit4.JUnit4Provider.executeTestSet(JUnit4Provider.java:141)
	at org.apache.maven.surefire.junit4.JUnit4Provider.invoke(JUnit4Provider.java:112)
	at java.base/jdk.internal.reflect.NativeMethodAccessorImpl.invoke0(Native Method)
	at java.base/jdk.internal.reflect.NativeMethodAccessorImpl.invoke(NativeMethodAccessorImpl.java:62)
	at java.base/jdk.internal.reflect.DelegatingMethodAccessorImpl.invoke(DelegatingMethodAccessorImpl.java:43)
	at java.base/java.lang.reflect.Method.invoke(Method.java:566)
	at org.apache.maven.surefire.util.ReflectionUtils.invokeMethodWithArray(ReflectionUtils.java:189)
	at org.apache.maven.surefire.booter.ProviderFactory$ProviderProxy.invoke(ProviderFactory.java:165)
	at org.apache.maven.surefire.booter.ProviderFactory.invokeProvider(ProviderFactory.java:85)
	at org.apache.maven.surefire.booter.ForkedBooter.runSuitesInProcess(ForkedBooter.java:115)
	at org.apache.maven.surefire.booter.ForkedBooter.main(ForkedBooter.java:75)
Caused by: javax.naming.NameNotFoundException: classes
	at com.sun.enterprise.naming.impl.TransientContext.resolveContext(TransientContext.java:275)
	at com.sun.enterprise.naming.impl.TransientContext.lookup(TransientContext.java:183)
	at com.sun.enterprise.naming.impl.TransientContext.lookup(TransientContext.java:184)
	at com.sun.enterprise.naming.impl.SerialContextProviderImpl.lookup(SerialContextProviderImpl.java:42)
	at com.sun.enterprise.naming.impl.LocalSerialContextProviderImpl.lookup(LocalSerialContextProviderImpl.java:90)
	at com.sun.enterprise.naming.impl.SerialContext.lookup(SerialContext.java:454)
	... 48 more
</error>
  </testcase>
  <testcase classname="CuentaTest" name="testactualizarCuenta" time="0.002">
    <error message="Lookup failed for &apos;java:global/classes/CuentaEJB&apos; in SerialContext[myEnv={java.naming.factory.initial=com.sun.enterprise.naming.impl.SerialInitContextFactory, java.naming.factory.url.pkgs=com.sun.enterprise.naming, java.naming.factory.state=com.sun.corba.ee.impl.presentation.rmi.JNDIStateFactoryImpl}" type="javax.naming.NamingException">javax.naming.NamingException: Lookup failed for &apos;java:global/classes/CuentaEJB&apos; in SerialContext[myEnv={java.naming.factory.initial=com.sun.enterprise.naming.impl.SerialInitContextFactory, java.naming.factory.url.pkgs=com.sun.enterprise.naming, java.naming.factory.state=com.sun.corba.ee.impl.presentation.rmi.JNDIStateFactoryImpl} [Root exception is javax.naming.NameNotFoundException: classes]
	at com.sun.enterprise.naming.impl.SerialContext.lookup(SerialContext.java:467)
	at com.sun.enterprise.naming.impl.SerialContext.lookup(SerialContext.java:414)
	at java.naming/javax.naming.InitialContext.lookup(InitialContext.java:409)
	at java.naming/javax.naming.InitialContext.lookup(InitialContext.java:409)
	at CuentaTest.setup(CuentaTest.java:24)
	at java.base/jdk.internal.reflect.NativeMethodAccessorImpl.invoke0(Native Method)
	at java.base/jdk.internal.reflect.NativeMethodAccessorImpl.invoke(NativeMethodAccessorImpl.java:62)
	at java.base/jdk.internal.reflect.DelegatingMethodAccessorImpl.invoke(DelegatingMethodAccessorImpl.java:43)
	at java.base/java.lang.reflect.Method.invoke(Method.java:566)
	at org.junit.runners.model.FrameworkMethod$1.runReflectiveCall(FrameworkMethod.java:59)
	at org.junit.internal.runners.model.ReflectiveCallable.run(ReflectiveCallable.java:12)
	at org.junit.runners.model.FrameworkMethod.invokeExplosively(FrameworkMethod.java:56)
	at org.junit.internal.runners.statements.RunBefores.invokeMethod(RunBefores.java:33)
	at org.junit.internal.runners.statements.RunBefores.evaluate(RunBefores.java:24)
	at org.junit.runners.ParentRunner$3.evaluate(ParentRunner.java:306)
	at org.junit.runners.BlockJUnit4ClassRunner$1.evaluate(BlockJUnit4ClassRunner.java:100)
	at org.junit.runners.ParentRunner.runLeaf(ParentRunner.java:366)
	at org.junit.runners.BlockJUnit4ClassRunner.runChild(BlockJUnit4ClassRunner.java:103)
	at org.junit.runners.BlockJUnit4ClassRunner.runChild(BlockJUnit4ClassRunner.java:63)
	at org.junit.runners.ParentRunner$4.run(ParentRunner.java:331)
	at org.junit.runners.ParentRunner$1.schedule(ParentRunner.java:79)
	at org.junit.runners.ParentRunner.runChildren(ParentRunner.java:329)
	at org.junit.runners.ParentRunner.access$100(ParentRunner.java:66)
	at org.junit.runners.ParentRunner$2.evaluate(ParentRunner.java:293)
	at org.junit.runners.ParentRunner$3.evaluate(ParentRunner.java:306)
	at org.junit.runners.ParentRunner.run(ParentRunner.java:413)
	at org.junit.runners.Suite.runChild(Suite.java:128)
	at org.junit.runners.Suite.runChild(Suite.java:27)
	at org.junit.runners.ParentRunner$4.run(ParentRunner.java:331)
	at org.junit.runners.ParentRunner$1.schedule(ParentRunner.java:79)
	at org.junit.runners.ParentRunner.runChildren(ParentRunner.java:329)
	at org.junit.runners.ParentRunner.access$100(ParentRunner.java:66)
	at org.junit.runners.ParentRunner$2.evaluate(ParentRunner.java:293)
	at org.junit.internal.runners.statements.RunBefores.evaluate(RunBefores.java:26)
	at org.junit.internal.runners.statements.RunAfters.evaluate(RunAfters.java:27)
	at org.junit.runners.ParentRunner$3.evaluate(ParentRunner.java:306)
	at org.junit.runners.ParentRunner.run(ParentRunner.java:413)
	at org.apache.maven.surefire.junit4.JUnit4Provider.execute(JUnit4Provider.java:252)
	at org.apache.maven.surefire.junit4.JUnit4Provider.executeTestSet(JUnit4Provider.java:141)
	at org.apache.maven.surefire.junit4.JUnit4Provider.invoke(JUnit4Provider.java:112)
	at java.base/jdk.internal.reflect.NativeMethodAccessorImpl.invoke0(Native Method)
	at java.base/jdk.internal.reflect.NativeMethodAccessorImpl.invoke(NativeMethodAccessorImpl.java:62)
	at java.base/jdk.internal.reflect.DelegatingMethodAccessorImpl.invoke(DelegatingMethodAccessorImpl.java:43)
	at java.base/java.lang.reflect.Method.invoke(Method.java:566)
	at org.apache.maven.surefire.util.ReflectionUtils.invokeMethodWithArray(ReflectionUtils.java:189)
	at org.apache.maven.surefire.booter.ProviderFactory$ProviderProxy.invoke(ProviderFactory.java:165)
	at org.apache.maven.surefire.booter.ProviderFactory.invokeProvider(ProviderFactory.java:85)
	at org.apache.maven.surefire.booter.ForkedBooter.runSuitesInProcess(ForkedBooter.java:115)
	at org.apache.maven.surefire.booter.ForkedBooter.main(ForkedBooter.java:75)
Caused by: javax.naming.NameNotFoundException: classes
	at com.sun.enterprise.naming.impl.TransientContext.resolveContext(TransientContext.java:275)
	at com.sun.enterprise.naming.impl.TransientContext.lookup(TransientContext.java:183)
	at com.sun.enterprise.naming.impl.TransientContext.lookup(TransientContext.java:184)
	at com.sun.enterprise.naming.impl.SerialContextProviderImpl.lookup(SerialContextProviderImpl.java:42)
	at com.sun.enterprise.naming.impl.LocalSerialContextProviderImpl.lookup(LocalSerialContextProviderImpl.java:90)
	at com.sun.enterprise.naming.impl.SerialContext.lookup(SerialContext.java:454)
	... 48 more
</error>
  </testcase>
</testsuite>